{"error":"Failed to create new supplier: Plan executor error during findAndModify :: caused by :: E11000 duplicate key error collection: yesodot.items index: name_1 dup key: { name: \"במבה\" }","level":"error","message":"Failed to create supplier","timestamp":"2026-04-19T20:47:58.874Z"}
{"error":"Failed to create new supplier: Plan executor error during findAndModify :: caused by :: E11000 duplicate key error collection: yesodot.items index: name_1 dup key: { name: \"ביסלי\" }","level":"error","message":"Failed to create supplier","timestamp":"2026-04-19T20:48:15.914Z"}
{"error":"Failed to create new supplier: Plan executor error during findAndModify :: caused by :: E11000 duplicate key error collection: yesodot.items index: name_1 dup key: { name: \"ביסלי\" }","level":"error","message":"Failed to create supplier","timestamp":"2026-04-19T20:48:28.769Z"}
{"level":"error","message":"Validation failed: [{\"expected\":\"string\",\"code\":\"invalid_type\",\"path\":[\"items\",0,\"itemName\"],\"message\":\"Invalid input: expected string, received undefined\"}]","timestamp":"2026-04-20T08:06:33.263Z"}
{"level":"error","message":"Validation failed: [{\"expected\":\"number\",\"code\":\"invalid_type\",\"path\":[\"consumerPrice\"],\"message\":\"Invalid input: expected number, received string\"}]","timestamp":"2026-04-20T10:41:29.719Z"}
{"level":"error","message":"Validation failed: [{\"expected\":\"string\",\"code\":\"invalid_type\",\"path\":[\"supplierId\"],\"message\":\"Invalid input: expected string, received undefined\"}]","timestamp":"2026-04-20T10:52:09.922Z"}
{"body":{"category":"גלידות","consumerPrice":35,"name":"גלידה","stock":26,"supplierId":"69e5dbc826cb8c1ae23903b0"},"error":"Item גלידה not found in supplier's catalog","level":"error","message":"Failed to create item","timestamp":"2026-04-20T10:57:47.031Z"}
{"body":{"category":"גלידות","consumerPrice":35,"name":"גלידה","stock":26,"supplierId":"69e5dbc826cb8c1ae23903b0"},"error":"Item גלידה not found in supplier's catalog","level":"error","message":"Failed to create item","timestamp":"2026-04-20T10:58:07.985Z"}
{"body":{"category":"גלידות","consumerPrice":35,"name":"גלידה","stock":26,"supplierId":"69e5dbc826cb8c1ae23903b0"},"error":"Item גלידה not found in supplier's catalog","level":"error","message":"Failed to create item","timestamp":"2026-04-20T11:35:44.027Z"}
{"body":{"category":"גלידות","consumerPrice":35,"name":"גלידה","stock":26,"supplierId":"69e5dbc826cb8c1ae23903b0"},"error":"Item גלידה not found in supplier's catalog","level":"error","message":"Failed to create item","timestamp":"2026-04-20T11:35:53.787Z"}
{"level":"error","message":"Validation failed: [{\"expected\":\"string\",\"code\":\"invalid_type\",\"path\":[\"name\"],\"message\":\"Invalid input: expected string, received undefined\"},{\"expected\":\"number\",\"code\":\"invalid_type\",\"path\":[\"consumerPrice\"],\"message\":\"Invalid input: expected number, received undefined\"},{\"expected\":\"string\",\"code\":\"invalid_type\",\"path\":[\"category\"],\"message\":\"Invalid input: expected string, received undefined\"},{\"expected\":\"string\",\"code\":\"invalid_type\",\"path\":[\"supplierId\"],\"message\":\"Invalid input: expected string, received undefined\"}]","timestamp":"2026-04-20T11:41:59.141Z"}
{"level":"error","message":"Validation failed: [{\"expected\":\"number\",\"code\":\"invalid_type\",\"path\":[\"shopProfit\"],\"message\":\"Invalid input: expected number, received undefined\"}]","timestamp":"2026-04-20T11:53:24.765Z"}
{"level":"error","message":"Validation failed: [{\"expected\":\"number\",\"code\":\"invalid_type\",\"path\":[\"shopProfit\"],\"message\":\"Invalid input: expected number, received undefined\"}]","timestamp":"2026-04-20T11:54:43.445Z"}
{"level":"error","message":"Validation failed: [{\"expected\":\"number\",\"code\":\"invalid_type\",\"path\":[\"shopProfit\"],\"message\":\"Invalid input: expected number, received undefined\"}]","timestamp":"2026-04-20T12:11:54.173Z"}
{"error":"Not enough stock for ביסלי. Available: 0","level":"error","message":"Failed to create order","timestamp":"2026-04-20T12:12:49.897Z"}
{"error":"Cannot read properties of undefined (reading 'find')","level":"error","message":"Failed to create order","timestamp":"2026-04-20T12:14:50.928Z"}
{"error":"Cannot read properties of undefined (reading 'find')","level":"error","message":"Failed to create order","timestamp":"2026-04-20T12:16:49.776Z"}
{"error":"Cannot read properties of undefined (reading 'find')","level":"error","message":"Failed to create order","timestamp":"2026-04-20T12:19:48.952Z"}
{"error":"Cannot read properties of undefined (reading 'find')","level":"error","message":"Failed to create order","timestamp":"2026-04-20T12:19:50.639Z"}
{"error":"Cannot read properties of undefined (reading 'find')","level":"error","message":"Failed to create order","timestamp":"2026-04-20T12:19:51.740Z"}
{"error":"Cannot read properties of undefined (reading 'find')","level":"error","message":"Failed to create order","timestamp":"2026-04-20T12:23:41.735Z"}
{"error":"Cannot read properties of undefined (reading 'find')","level":"error","message":"Failed to create order","timestamp":"2026-04-20T12:23:56.581Z"}
{"error":"Cannot read properties of undefined (reading 'find')","level":"error","message":"Failed to create order","timestamp":"2026-04-20T12:25:14.060Z"}
{"error":"Cannot read properties of undefined (reading 'find')","level":"error","message":"Failed to create order","timestamp":"2026-04-20T12:25:31.892Z"}
{"error":"Cannot read properties of undefined (reading 'find')","level":"error","message":"Failed to create order","timestamp":"2026-04-20T12:26:54.552Z"}
{"level":"error","message":"Validation failed: [{\"code\":\"custom\",\"path\":[],\"message\":\"Total quantity of items in the order cannot exceed 50\"}]","timestamp":"2026-04-20T13:38:52.810Z"}
{"level":"error","message":"Validation failed: [{\"origin\":\"array\",\"code\":\"too_big\",\"maximum\":10,\"inclusive\":true,\"path\":[\"items\"],\"message\":\"Order cannot have more than 10 items\"}]","timestamp":"2026-04-20T13:39:31.985Z"}
{"error":"Failed to update order profit: Not enough stock for במבה. Available: 0","level":"error","message":"Failed to create order","timestamp":"2026-04-20T18:20:07.576Z"}
{"level":"error","message":"Validation failed: [{\"code\":\"custom\",\"path\":[],\"message\":\"Total quantity of items in the order cannot exceed 50\"}]","timestamp":"2026-04-20T18:23:31.552Z"}
{"error":"Failed to update order profit: Not enough stock for במבה. Available: 4","level":"error","message":"Failed to update order with ID 69e66e6b25b68486543fccec","timestamp":"2026-04-20T18:24:08.991Z"}
