{"IP":"::1","level":"info","message":"Incoming request","method":"POST","timestamp":"2026-04-19T19:13:02.073Z","url":"/api/suppliers"}
{"IP":"::1","level":"info","message":"Incoming request","method":"POST","timestamp":"2026-04-19T19:15:39.269Z","url":"/api/suppliers"}
{"IP":"::1","level":"info","message":"Incoming request","method":"POST","timestamp":"2026-04-19T19:18:05.698Z","url":"/api/suppliers"}
{"IP":"::1","level":"info","message":"Incoming request","method":"POST","timestamp":"2026-04-19T19:20:29.212Z","url":"/api/suppliers"}
{"IP":"::1","level":"info","message":"Incoming request","method":"POST","timestamp":"2026-04-19T19:22:21.110Z","url":"/api/suppliers"}
{"IP":"::1","level":"info","message":"Incoming request","method":"POST","timestamp":"2026-04-19T19:24:27.352Z","url":"/api/suppliers"}
{"IP":"::1","level":"info","message":"Incoming request","method":"POST","timestamp":"2026-04-19T19:25:28.686Z","url":"/api/suppliers"}
{"IP":"::1","level":"info","message":"Incoming request","method":"POST","timestamp":"2026-04-19T19:26:59.321Z","url":"/api/suppliers"}
{"IP":"::1","level":"info","message":"Incoming request","method":"POST","timestamp":"2026-04-19T19:29:58.055Z","url":"/api/suppliers"}
{"IP":"::1","level":"info","message":"Incoming request","method":"POST","timestamp":"2026-04-19T19:35:33.143Z","url":"/api/suppliers"}
{"IP":"::1","level":"info","message":"Incoming request","method":"POST","timestamp":"2026-04-19T19:48:31.946Z","url":"/api/suppliers"}
{"IP":"::1","level":"info","message":"Incoming request","method":"POST","timestamp":"2026-04-19T19:53:27.649Z","url":"/api/suppliers"}
{"IP":"::1","level":"info","message":"Incoming request","method":"POST","timestamp":"2026-04-19T19:55:52.317Z","url":"/api/suppliers"}
{"IP":"::1","level":"info","message":"Incoming request","method":"POST","timestamp":"2026-04-19T20:03:57.314Z","url":"/api/suppliers"}
{"IP":"::1","level":"info","message":"Incoming request","method":"POST","timestamp":"2026-04-19T20:19:57.761Z","url":"/api/suppliers"}
{"IP":"::1","level":"info","message":"Incoming request","method":"POST","timestamp":"2026-04-19T20:47:58.850Z","url":"/api/suppliers"}
{"error":"Failed to create new supplier: Plan executor error during findAndModify :: caused by :: E11000 duplicate key error collection: yesodot.items index: name_1 dup key: { name: \"במבה\" }","level":"error","message":"Failed to create supplier","timestamp":"2026-04-19T20:47:58.874Z"}
{"IP":"::1","level":"info","message":"Incoming request","method":"POST","timestamp":"2026-04-19T20:48:15.907Z","url":"/api/suppliers"}
{"error":"Failed to create new supplier: Plan executor error during findAndModify :: caused by :: E11000 duplicate key error collection: yesodot.items index: name_1 dup key: { name: \"ביסלי\" }","level":"error","message":"Failed to create supplier","timestamp":"2026-04-19T20:48:15.914Z"}
{"IP":"::1","level":"info","message":"Incoming request","method":"POST","timestamp":"2026-04-19T20:48:28.761Z","url":"/api/suppliers"}
{"error":"Failed to create new supplier: Plan executor error during findAndModify :: caused by :: E11000 duplicate key error collection: yesodot.items index: name_1 dup key: { name: \"ביסלי\" }","level":"error","message":"Failed to create supplier","timestamp":"2026-04-19T20:48:28.769Z"}
{"IP":"::1","level":"info","message":"Incoming request","method":"POST","timestamp":"2026-04-19T20:49:18.898Z","url":"/api/suppliers"}
{"IP":"::1","level":"info","message":"Incoming request","method":"GET","timestamp":"2026-04-20T06:42:27.271Z","url":"/"}
{"IP":"::1","level":"info","message":"Incoming request","method":"POST","timestamp":"2026-04-20T06:43:21.647Z","url":"/api/suppliers"}
{"IP":"::1","level":"info","message":"Incoming request","method":"PUT","timestamp":"2026-04-20T06:45:38.552Z","url":"/api/suppliers/69e5cb09252e4da7c7ecc4e9"}
{"IP":"::1","level":"info","message":"Incoming request","method":"DELETE","timestamp":"2026-04-20T07:47:14.857Z","url":"/api/suppliers/69e5cb09252e4da7c7ecc4e9"}
{"IP":"::1","level":"info","message":"Incoming request","method":"POST","timestamp":"2026-04-20T07:51:31.376Z","url":"/api/suppliers"}
{"IP":"::1","level":"info","message":"Incoming request","method":"POST","timestamp":"2026-04-20T07:54:48.945Z","url":"/api/suppliers"}
{"IP":"::1","level":"info","message":"Incoming request","method":"PUT","timestamp":"2026-04-20T08:06:14.510Z","url":"/api/suppliers/69e5cb09252e4da7c7ecc4e9"}
{"IP":"::1","level":"info","message":"Incoming request","method":"PUT","timestamp":"2026-04-20T08:06:33.259Z","url":"/api/suppliers/69e5db039ee202512dc7830a"}
{"level":"error","message":"Validation failed: [{\"expected\":\"string\",\"code\":\"invalid_type\",\"path\":[\"items\",0,\"itemName\"],\"message\":\"Invalid input: expected string, received undefined\"}]","timestamp":"2026-04-20T08:06:33.263Z"}
{"IP":"::1","level":"info","message":"Incoming request","method":"PUT","timestamp":"2026-04-20T08:07:59.022Z","url":"/api/suppliers/69e5db039ee202512dc7830a"}
{"IP":"::1","level":"info","message":"Incoming request","method":"PUT","timestamp":"2026-04-20T08:09:12.646Z","url":"/api/suppliers/69e5db039ee202512dc7830a"}
{"IP":"::1","level":"info","message":"Incoming request","method":"PUT","timestamp":"2026-04-20T08:15:14.483Z","url":"/api/suppliers/69e5db039ee202512dc7830a"}
{"IP":"::1","level":"info","message":"Incoming request","method":"PUT","timestamp":"2026-04-20T08:21:24.371Z","url":"/api/suppliers/69e5db039ee202512dc7830a"}
{"IP":"::1","level":"info","message":"Incoming request","method":"GET","timestamp":"2026-04-20T09:23:14.291Z","url":"/api/suppliers/69e5db039ee202512dc7830a"}
{"IP":"::1","level":"info","message":"Incoming request","method":"GET","timestamp":"2026-04-20T09:23:22.049Z","url":"/api/suppliers"}
{"IP":"::1","level":"info","message":"Incoming request","method":"PUT","timestamp":"2026-04-20T09:30:16.125Z","url":"/api/suppliers/69e5dbc826cb8c1ae23903b0"}
{"IP":"::1","level":"info","message":"Incoming request","method":"PUT","timestamp":"2026-04-20T09:31:12.649Z","url":"/api/suppliers/69e5dbc826cb8c1ae23903b0"}
{"IP":"::1","level":"info","message":"Incoming request","method":"PUT","timestamp":"2026-04-20T09:45:08.813Z","url":"/api/suppliers/69e5dbc826cb8c1ae23903b0"}
{"IP":"::1","level":"info","message":"Incoming request","method":"GET","timestamp":"2026-04-20T10:41:13.504Z","url":"/api/items"}
{"IP":"::1","level":"info","message":"Incoming request","method":"POST","timestamp":"2026-04-20T10:41:29.717Z","url":"/api/items"}
{"level":"error","message":"Validation failed: [{\"expected\":\"number\",\"code\":\"invalid_type\",\"path\":[\"consumerPrice\"],\"message\":\"Invalid input: expected number, received string\"}]","timestamp":"2026-04-20T10:41:29.719Z"}
{"IP":"::1","level":"info","message":"Incoming request","method":"POST","timestamp":"2026-04-20T10:42:00.806Z","url":"/api/items"}
{"IP":"::1","level":"info","message":"Incoming request","method":"POST","timestamp":"2026-04-20T10:42:44.844Z","url":"/api/items"}
{"IP":"::1","level":"info","message":"Incoming request","method":"POST","timestamp":"2026-04-20T10:49:42.980Z","url":"/api/items"}
{"IP":"::1","level":"info","message":"Incoming request","method":"POST","timestamp":"2026-04-20T10:52:09.921Z","url":"/api/items"}
{"level":"error","message":"Validation failed: [{\"expected\":\"string\",\"code\":\"invalid_type\",\"path\":[\"supplierId\"],\"message\":\"Invalid input: expected string, received undefined\"}]","timestamp":"2026-04-20T10:52:09.922Z"}
{"IP":"::1","level":"info","message":"Incoming request","method":"POST","timestamp":"2026-04-20T10:55:33.353Z","url":"/api/items"}
{"IP":"::1","level":"info","message":"Incoming request","method":"POST","timestamp":"2026-04-20T10:56:57.782Z","url":"/api/items"}
{"IP":"::1","level":"info","message":"Incoming request","method":"POST","timestamp":"2026-04-20T10:57:47.022Z","url":"/api/items"}
{"body":{"category":"גלידות","consumerPrice":35,"name":"גלידה","stock":26,"supplierId":"69e5dbc826cb8c1ae23903b0"},"error":"Item גלידה not found in supplier's catalog","level":"error","message":"Failed to create item","timestamp":"2026-04-20T10:57:47.031Z"}
{"IP":"::1","level":"info","message":"Incoming request","method":"POST","timestamp":"2026-04-20T10:58:07.983Z","url":"/api/items"}
{"body":{"category":"גלידות","consumerPrice":35,"name":"גלידה","stock":26,"supplierId":"69e5dbc826cb8c1ae23903b0"},"error":"Item גלידה not found in supplier's catalog","level":"error","message":"Failed to create item","timestamp":"2026-04-20T10:58:07.985Z"}
{"IP":"::1","level":"info","message":"Incoming request","method":"POST","timestamp":"2026-04-20T11:35:44.020Z","url":"/api/items"}
{"body":{"category":"גלידות","consumerPrice":35,"name":"גלידה","stock":26,"supplierId":"69e5dbc826cb8c1ae23903b0"},"error":"Item גלידה not found in supplier's catalog","level":"error","message":"Failed to create item","timestamp":"2026-04-20T11:35:44.027Z"}
{"IP":"::1","level":"info","message":"Incoming request","method":"POST","timestamp":"2026-04-20T11:35:53.784Z","url":"/api/items"}
{"body":{"category":"גלידות","consumerPrice":35,"name":"גלידה","stock":26,"supplierId":"69e5dbc826cb8c1ae23903b0"},"error":"Item גלידה not found in supplier's catalog","level":"error","message":"Failed to create item","timestamp":"2026-04-20T11:35:53.787Z"}
{"IP":"::1","level":"info","message":"Incoming request","method":"PUT","timestamp":"2026-04-20T11:41:59.140Z","url":"/api/items/69e5dbc8c08808c2f998ae74"}
{"level":"error","message":"Validation failed: [{\"expected\":\"string\",\"code\":\"invalid_type\",\"path\":[\"name\"],\"message\":\"Invalid input: expected string, received undefined\"},{\"expected\":\"number\",\"code\":\"invalid_type\",\"path\":[\"consumerPrice\"],\"message\":\"Invalid input: expected number, received undefined\"},{\"expected\":\"string\",\"code\":\"invalid_type\",\"path\":[\"category\"],\"message\":\"Invalid input: expected string, received undefined\"},{\"expected\":\"string\",\"code\":\"invalid_type\",\"path\":[\"supplierId\"],\"message\":\"Invalid input: expected string, received undefined\"}]","timestamp":"2026-04-20T11:41:59.141Z"}
{"IP":"::1","level":"info","message":"Incoming request","method":"PUT","timestamp":"2026-04-20T11:44:25.933Z","url":"/api/items/69e5dbc8c08808c2f998ae74"}
{"IP":"::1","level":"info","message":"Incoming request","method":"GET","timestamp":"2026-04-20T11:45:16.344Z","url":"/api/items/69e5dbc8c08808c2f998ae74"}
{"IP":"::1","level":"info","message":"Incoming request","method":"GET","timestamp":"2026-04-20T11:46:43.446Z","url":"/api/items"}
{"IP":"::1","level":"info","message":"Incoming request","method":"DELETE","timestamp":"2026-04-20T11:47:08.682Z","url":"/api/items/69e5dbc8c08808c2f998ae74"}
{"IP":"::1","level":"info","message":"Incoming request","method":"POST","timestamp":"2026-04-20T11:53:24.761Z","url":"/api/orders"}
{"level":"error","message":"Validation failed: [{\"expected\":\"number\",\"code\":\"invalid_type\",\"path\":[\"shopProfit\"],\"message\":\"Invalid input: expected number, received undefined\"}]","timestamp":"2026-04-20T11:53:24.765Z"}
{"IP":"::1","level":"info","message":"Incoming request","method":"POST","timestamp":"2026-04-20T11:54:43.445Z","url":"/api/orders"}
{"level":"error","message":"Validation failed: [{\"expected\":\"number\",\"code\":\"invalid_type\",\"path\":[\"shopProfit\"],\"message\":\"Invalid input: expected number, received undefined\"}]","timestamp":"2026-04-20T11:54:43.445Z"}
{"IP":"::1","level":"info","message":"Incoming request","method":"POST","timestamp":"2026-04-20T12:11:54.170Z","url":"/api/orders"}
{"level":"error","message":"Validation failed: [{\"expected\":\"number\",\"code\":\"invalid_type\",\"path\":[\"shopProfit\"],\"message\":\"Invalid input: expected number, received undefined\"}]","timestamp":"2026-04-20T12:11:54.173Z"}
{"IP":"::1","level":"info","message":"Incoming request","method":"POST","timestamp":"2026-04-20T12:12:49.887Z","url":"/api/orders"}
{"error":"Not enough stock for ביסלי. Available: 0","level":"error","message":"Failed to create order","timestamp":"2026-04-20T12:12:49.897Z"}
{"IP":"::1","level":"info","message":"Incoming request","method":"DELETE","timestamp":"2026-04-20T12:13:26.004Z","url":"/api/items/69e5dbc8c08808c2f998ae73"}
{"IP":"::1","level":"info","message":"Incoming request","method":"PUT","timestamp":"2026-04-20T12:13:48.362Z","url":"/api/items/69e5dbc8c08808c2f998ae73"}
{"IP":"::1","level":"info","message":"Incoming request","method":"PUT","timestamp":"2026-04-20T12:14:40.869Z","url":"/api/items/69e5db03c08808c2f998ae73"}
{"IP":"::1","level":"info","message":"Incoming request","method":"POST","timestamp":"2026-04-20T12:14:50.925Z","url":"/api/orders"}
{"error":"Cannot read properties of undefined (reading 'find')","level":"error","message":"Failed to create order","timestamp":"2026-04-20T12:14:50.928Z"}
{"IP":"::1","level":"info","message":"Incoming request","method":"POST","timestamp":"2026-04-20T12:16:49.773Z","url":"/api/orders"}
{"error":"Cannot read properties of undefined (reading 'find')","level":"error","message":"Failed to create order","timestamp":"2026-04-20T12:16:49.776Z"}
{"IP":"::1","level":"info","message":"Incoming request","method":"POST","timestamp":"2026-04-20T12:19:48.950Z","url":"/api/orders"}
{"error":"Cannot read properties of undefined (reading 'find')","level":"error","message":"Failed to create order","timestamp":"2026-04-20T12:19:48.952Z"}
{"IP":"::1","level":"info","message":"Incoming request","method":"POST","timestamp":"2026-04-20T12:19:50.636Z","url":"/api/orders"}
{"error":"Cannot read properties of undefined (reading 'find')","level":"error","message":"Failed to create order","timestamp":"2026-04-20T12:19:50.639Z"}
{"IP":"::1","level":"info","message":"Incoming request","method":"POST","timestamp":"2026-04-20T12:19:51.737Z","url":"/api/orders"}
{"error":"Cannot read properties of undefined (reading 'find')","level":"error","message":"Failed to create order","timestamp":"2026-04-20T12:19:51.740Z"}
{"IP":"::1","level":"info","message":"Incoming request","method":"POST","timestamp":"2026-04-20T12:23:41.718Z","url":"/api/orders"}
{"error":"Cannot read properties of undefined (reading 'find')","level":"error","message":"Failed to create order","timestamp":"2026-04-20T12:23:41.735Z"}
{"IP":"::1","level":"info","message":"Incoming request","method":"POST","timestamp":"2026-04-20T12:23:56.576Z","url":"/api/orders"}
{"error":"Cannot read properties of undefined (reading 'find')","level":"error","message":"Failed to create order","timestamp":"2026-04-20T12:23:56.581Z"}
{"IP":"::1","level":"info","message":"Incoming request","method":"POST","timestamp":"2026-04-20T12:25:14.048Z","url":"/api/orders"}
{"error":"Cannot read properties of undefined (reading 'find')","level":"error","message":"Failed to create order","timestamp":"2026-04-20T12:25:14.060Z"}
{"IP":"::1","level":"info","message":"Incoming request","method":"POST","timestamp":"2026-04-20T12:25:31.888Z","url":"/api/orders"}
{"error":"Cannot read properties of undefined (reading 'find')","level":"error","message":"Failed to create order","timestamp":"2026-04-20T12:25:31.892Z"}
{"IP":"::1","level":"info","message":"Incoming request","method":"POST","timestamp":"2026-04-20T12:26:54.548Z","url":"/api/orders"}
{"error":"Cannot read properties of undefined (reading 'find')","level":"error","message":"Failed to create order","timestamp":"2026-04-20T12:26:54.552Z"}
{"IP":"::1","level":"info","message":"Incoming request","method":"POST","timestamp":"2026-04-20T12:29:30.040Z","url":"/api/orders"}
{"IP":"::1","level":"info","message":"Incoming request","method":"GET","timestamp":"2026-04-20T13:32:30.914Z","url":"/api/orders"}
{"IP":"::1","level":"info","message":"Incoming request","method":"POST","timestamp":"2026-04-20T13:32:40.749Z","url":"/api/orders"}
{"IP":"::1","level":"info","message":"Incoming request","method":"GET","timestamp":"2026-04-20T13:35:30.448Z","url":"/api/orders"}
{"IP":"::1","level":"info","message":"Incoming request","method":"POST","timestamp":"2026-04-20T13:36:44.686Z","url":"/api/orders"}
{"IP":"::1","level":"info","message":"Incoming request","method":"POST","timestamp":"2026-04-20T13:37:49.675Z","url":"/api/orders"}
{"IP":"::1","level":"info","message":"Incoming request","method":"GET","timestamp":"2026-04-20T13:38:31.112Z","url":"/api/orders/69e62c2d7c587cc9714135ae"}
{"IP":"::1","level":"info","message":"Incoming request","method":"POST","timestamp":"2026-04-20T13:38:52.807Z","url":"/api/orders"}
{"level":"error","message":"Validation failed: [{\"code\":\"custom\",\"path\":[],\"message\":\"Total quantity of items in the order cannot exceed 50\"}]","timestamp":"2026-04-20T13:38:52.810Z"}
{"IP":"::1","level":"info","message":"Incoming request","method":"POST","timestamp":"2026-04-20T13:39:31.985Z","url":"/api/orders"}
{"level":"error","message":"Validation failed: [{\"origin\":\"array\",\"code\":\"too_big\",\"maximum\":10,\"inclusive\":true,\"path\":[\"items\"],\"message\":\"Order cannot have more than 10 items\"}]","timestamp":"2026-04-20T13:39:31.985Z"}
{"IP":"::1","level":"info","message":"Incoming request","method":"PUT","timestamp":"2026-04-20T13:40:42.769Z","url":"/api/orders/69e62c2d7c587cc9714135ae"}
{"IP":"::1","level":"info","message":"Incoming request","method":"POST","timestamp":"2026-04-20T18:19:15.882Z","url":"/api/orders"}
{"IP":"::1","level":"info","message":"Incoming request","method":"POST","timestamp":"2026-04-20T18:20:07.565Z","url":"/api/orders"}
{"error":"Failed to update order profit: Not enough stock for במבה. Available: 0","level":"error","message":"Failed to create order","timestamp":"2026-04-20T18:20:07.576Z"}
{"IP":"::1","level":"info","message":"Incoming request","method":"POST","timestamp":"2026-04-20T18:20:27.724Z","url":"/api/orders"}
{"IP":"::1","level":"info","message":"Incoming request","method":"PUT","timestamp":"2026-04-20T18:21:55.790Z","url":"/api/orders/69e66e6b25b68486543fccec"}
{"IP":"::1","level":"info","message":"Incoming request","method":"PUT","timestamp":"2026-04-20T18:22:09.573Z","url":"/api/orders/69e66e6b25b68486543fccec"}
{"IP":"::1","level":"info","message":"Incoming request","method":"PUT","timestamp":"2026-04-20T18:23:31.550Z","url":"/api/orders/69e66e6b25b68486543fccec"}
{"level":"error","message":"Validation failed: [{\"code\":\"custom\",\"path\":[],\"message\":\"Total quantity of items in the order cannot exceed 50\"}]","timestamp":"2026-04-20T18:23:31.552Z"}
{"IP":"::1","level":"info","message":"Incoming request","method":"PUT","timestamp":"2026-04-20T18:24:08.985Z","url":"/api/orders/69e66e6b25b68486543fccec"}
{"error":"Failed to update order profit: Not enough stock for במבה. Available: 4","level":"error","message":"Failed to update order with ID 69e66e6b25b68486543fccec","timestamp":"2026-04-20T18:24:08.991Z"}
